Wed Apr  1 21:32:46 EDT 2026 — Cycle 1 starting
Wed Apr  1 21:42:16 EDT 2026 — Cycle 1 complete
Wed Apr  1 21:44:16 EDT 2026 — Cycle 2 starting
Wed Apr  1 21:50:24 EDT 2026 — Cycle 2 complete
Wed Apr  1 21:52:24 EDT 2026 — Cycle 3 starting
Wed Apr  1 21:59:34 EDT 2026 — Cycle 3 complete
Wed Apr  1 22:01:34 EDT 2026 — Cycle 4 starting
Wed Apr  1 22:11:17 EDT 2026 — Cycle 4 complete
Wed Apr  1 22:13:17 EDT 2026 — Cycle 5 starting
Wed Apr  1 22:21:38 EDT 2026 — Cycle 5 complete
Wed Apr  1 22:23:38 EDT 2026 — Cycle 6 starting
Wed Apr  1 22:34:54 EDT 2026 — Cycle 6 complete
Wed Apr  1 22:36:54 EDT 2026 — Cycle 7 starting
Wed Apr  1 22:42:41 EDT 2026 — Cycle 7 complete
Wed Apr  1 22:44:41 EDT 2026 — Cycle 8 starting
Wed Apr  1 22:51:06 EDT 2026 — Cycle 8 complete
Wed Apr  1 22:53:06 EDT 2026 — Cycle 9 starting
Wed Apr  1 23:01:28 EDT 2026 — Cycle 9 complete
Wed Apr  1 23:03:28 EDT 2026 — Cycle 10 starting
Wed Apr  1 23:13:31 EDT 2026 — Cycle 10 complete
Wed Apr  1 23:15:31 EDT 2026 — Cycle 11 starting
Wed Apr  1 23:18:49 EDT 2026 — Cycle 11 complete
Wed Apr  1 23:20:49 EDT 2026 — Cycle 12 starting
Wed Apr  1 23:25:31 EDT 2026 — Cycle 12 complete
Wed Apr  1 23:27:31 EDT 2026 — Cycle 13 starting
Wed Apr  1 23:35:51 EDT 2026 — Cycle 13 complete
Wed Apr  1 23:37:52 EDT 2026 — Cycle 14 starting
Wed Apr  1 23:46:46 EDT 2026 — Cycle 14 complete
Wed Apr  1 23:48:46 EDT 2026 — Cycle 15 starting
Wed Apr  1 23:58:42 EDT 2026 — Cycle 15 complete
Thu Apr  2 00:00:42 EDT 2026 — Cycle 16 starting
Thu Apr  2 00:03:05 EDT 2026 — Cycle 16 complete
Thu Apr  2 00:05:05 EDT 2026 — Cycle 17 starting
Thu Apr  2 00:14:57 EDT 2026 — Cycle 17 complete
Thu Apr  2 00:16:57 EDT 2026 — Cycle 18 starting
Thu Apr  2 00:31:28 EDT 2026 — Cycle 18 complete
Thu Apr  2 00:33:28 EDT 2026 — Cycle 19 starting
Thu Apr  2 00:40:57 EDT 2026 — Cycle 19 complete
Thu Apr  2 00:42:57 EDT 2026 — Cycle 20 starting
Thu Apr  2 00:53:53 EDT 2026 — Cycle 20 complete
Thu Apr  2 00:55:53 EDT 2026 — Cycle 21 starting
Thu Apr  2 01:02:58 EDT 2026 — Cycle 21 complete
Thu Apr  2 01:04:58 EDT 2026 — Cycle 22 starting
Thu Apr  2 01:15:05 EDT 2026 — Cycle 22 complete
Thu Apr  2 01:17:05 EDT 2026 — Cycle 23 starting
Thu Apr  2 01:23:25 EDT 2026 — Cycle 23 complete
Thu Apr  2 01:25:25 EDT 2026 — Cycle 24 starting
Thu Apr  2 01:30:04 EDT 2026 — Cycle 24 complete
Thu Apr  2 01:32:04 EDT 2026 — Cycle 25 starting
Thu Apr  2 01:37:28 EDT 2026 — Cycle 25 complete
Thu Apr  2 01:39:28 EDT 2026 — Cycle 26 starting
Thu Apr  2 01:46:53 EDT 2026 — Cycle 26 complete
Thu Apr  2 01:48:53 EDT 2026 — Cycle 27 starting
Thu Apr  2 01:54:45 EDT 2026 — Cycle 27 complete
Thu Apr  2 01:56:45 EDT 2026 — Cycle 28 starting
Thu Apr  2 02:05:07 EDT 2026 — Cycle 28 complete
Thu Apr  2 02:07:07 EDT 2026 — Cycle 29 starting
Thu Apr  2 02:12:51 EDT 2026 — Cycle 29 complete
Thu Apr  2 02:14:51 EDT 2026 — Cycle 30 starting
Thu Apr  2 02:19:30 EDT 2026 — Cycle 30 complete
Thu Apr  2 02:21:30 EDT 2026 — Cycle 31 starting
Thu Apr  2 02:27:25 EDT 2026 — Cycle 31 complete
Thu Apr  2 02:29:25 EDT 2026 — Cycle 32 starting
Thu Apr  2 02:33:25 EDT 2026 — Cycle 32 complete
Thu Apr  2 02:35:25 EDT 2026 — Cycle 33 starting
Thu Apr  2 02:45:31 EDT 2026 — Cycle 33 complete
Thu Apr  2 02:47:31 EDT 2026 — Cycle 34 starting
Thu Apr  2 02:53:15 EDT 2026 — Cycle 34 complete
Thu Apr  2 02:55:15 EDT 2026 — Cycle 35 starting
Thu Apr  2 03:02:26 EDT 2026 — Cycle 35 complete
Thu Apr  2 03:04:26 EDT 2026 — Cycle 36 starting
Thu Apr  2 03:08:39 EDT 2026 — Cycle 36 complete
Thu Apr  2 03:10:39 EDT 2026 — Cycle 37 starting
Thu Apr  2 03:14:35 EDT 2026 — Cycle 37 complete
Thu Apr  2 03:16:35 EDT 2026 — Cycle 38 starting
Thu Apr  2 03:25:00 EDT 2026 — Cycle 38 complete
Thu Apr  2 03:27:01 EDT 2026 — Cycle 39 starting
Thu Apr  2 03:34:46 EDT 2026 — Cycle 39 complete
Thu Apr  2 03:36:46 EDT 2026 — Cycle 40 starting
Thu Apr  2 03:43:40 EDT 2026 — Cycle 40 complete
Thu Apr  2 03:45:40 EDT 2026 — Cycle 41 starting
Thu Apr  2 03:50:55 EDT 2026 — Cycle 41 complete
Thu Apr  2 03:52:55 EDT 2026 — Cycle 42 starting
Thu Apr  2 03:57:29 EDT 2026 — Cycle 42 complete
Thu Apr  2 03:59:29 EDT 2026 — Cycle 43 starting
Thu Apr  2 04:05:53 EDT 2026 — Cycle 43 complete
Thu Apr  2 04:07:53 EDT 2026 — Cycle 44 starting
Thu Apr  2 04:13:33 EDT 2026 — Cycle 44 complete
Thu Apr  2 04:15:33 EDT 2026 — Cycle 45 starting
Thu Apr  2 04:23:29 EDT 2026 — Cycle 45 complete
Thu Apr  2 04:25:29 EDT 2026 — Cycle 46 starting
Thu Apr  2 04:29:57 EDT 2026 — Cycle 46 complete
Thu Apr  2 04:31:57 EDT 2026 — Cycle 47 starting
Thu Apr  2 04:37:20 EDT 2026 — Cycle 47 complete
Thu Apr  2 04:39:20 EDT 2026 — Cycle 48 starting
Thu Apr  2 04:44:00 EDT 2026 — Cycle 48 complete
Thu Apr  2 04:46:00 EDT 2026 — Cycle 49 starting
Thu Apr  2 04:50:32 EDT 2026 — Cycle 49 complete
Thu Apr  2 04:52:32 EDT 2026 — Cycle 50 starting
Thu Apr  2 04:57:33 EDT 2026 — Cycle 50 complete
Thu Apr  2 04:59:33 EDT 2026 — Cycle 51 starting
Thu Apr  2 05:04:28 EDT 2026 — Cycle 51 complete
Thu Apr  2 05:06:28 EDT 2026 — Cycle 52 starting
Thu Apr  2 05:11:40 EDT 2026 — Cycle 52 complete
Thu Apr  2 05:13:40 EDT 2026 — Cycle 53 starting
Thu Apr  2 05:17:32 EDT 2026 — Cycle 53 complete
Thu Apr  2 05:19:32 EDT 2026 — Cycle 54 starting
Thu Apr  2 05:24:13 EDT 2026 — Cycle 54 complete
Thu Apr  2 05:26:13 EDT 2026 — Cycle 55 starting
Thu Apr  2 05:31:54 EDT 2026 — Cycle 55 complete
Thu Apr  2 05:33:54 EDT 2026 — Cycle 56 starting
Thu Apr  2 05:40:34 EDT 2026 — Cycle 56 complete
Thu Apr  2 05:42:34 EDT 2026 — Cycle 57 starting
Thu Apr  2 05:47:09 EDT 2026 — Cycle 57 complete
Thu Apr  2 05:49:09 EDT 2026 — Cycle 58 starting
Thu Apr  2 05:54:29 EDT 2026 — Cycle 58 complete
Thu Apr  2 05:56:29 EDT 2026 — Cycle 59 starting
Thu Apr  2 06:00:42 EDT 2026 — Cycle 59 complete
Thu Apr  2 06:02:42 EDT 2026 — Cycle 60 starting
Thu Apr  2 06:06:21 EDT 2026 — Cycle 60 complete
Thu Apr  2 06:08:21 EDT 2026 — Cycle 61 starting
Thu Apr  2 06:13:38 EDT 2026 — Cycle 61 complete
Thu Apr  2 06:15:38 EDT 2026 — Cycle 62 starting
Thu Apr  2 06:23:57 EDT 2026 — Cycle 62 complete
Thu Apr  2 06:25:57 EDT 2026 — Cycle 63 starting
Thu Apr  2 06:32:11 EDT 2026 — Cycle 63 complete
Thu Apr  2 06:34:11 EDT 2026 — Cycle 64 starting
Thu Apr  2 06:40:02 EDT 2026 — Cycle 64 complete
Thu Apr  2 06:42:02 EDT 2026 — Cycle 65 starting
Thu Apr  2 06:47:40 EDT 2026 — Cycle 65 complete
Thu Apr  2 06:49:40 EDT 2026 — Cycle 66 starting
Thu Apr  2 06:57:53 EDT 2026 — Cycle 66 complete
Thu Apr  2 06:59:53 EDT 2026 — Cycle 67 starting
Thu Apr  2 07:05:46 EDT 2026 — Cycle 67 complete
Thu Apr  2 07:07:46 EDT 2026 — Cycle 68 starting
Thu Apr  2 07:14:36 EDT 2026 — Cycle 68 complete
Thu Apr  2 07:16:36 EDT 2026 — Cycle 69 starting
Thu Apr  2 07:22:37 EDT 2026 — Cycle 69 complete
Thu Apr  2 07:24:37 EDT 2026 — Cycle 70 starting
Thu Apr  2 07:31:08 EDT 2026 — Cycle 70 complete
Thu Apr  2 07:33:08 EDT 2026 — Cycle 71 starting
Thu Apr  2 07:39:49 EDT 2026 — Cycle 71 complete
Thu Apr  2 07:41:49 EDT 2026 — Cycle 72 starting
Thu Apr  2 07:48:37 EDT 2026 — Cycle 72 complete
Thu Apr  2 07:50:37 EDT 2026 — Cycle 73 starting
Thu Apr  2 07:56:02 EDT 2026 — Cycle 73 complete
Thu Apr  2 07:58:02 EDT 2026 — Cycle 74 starting
Thu Apr  2 08:05:20 EDT 2026 — Cycle 74 complete
Thu Apr  2 08:07:20 EDT 2026 — Cycle 75 starting
Thu Apr  2 08:15:02 EDT 2026 — Cycle 75 complete
Thu Apr  2 08:17:02 EDT 2026 — Cycle 76 starting
Thu Apr  2 08:21:24 EDT 2026 — Cycle 76 complete
Thu Apr  2 08:23:24 EDT 2026 — Cycle 77 starting
Thu Apr  2 08:28:00 EDT 2026 — Cycle 77 complete
Thu Apr  2 08:30:00 EDT 2026 — Cycle 78 starting
Thu Apr  2 08:39:30 EDT 2026 — Cycle 78 complete
Thu Apr  2 08:41:30 EDT 2026 — Cycle 79 starting
Thu Apr  2 08:53:15 EDT 2026 — Cycle 79 complete
Thu Apr  2 08:55:15 EDT 2026 — Cycle 80 starting
Thu Apr  2 09:02:05 EDT 2026 — Cycle 80 complete
Thu Apr  2 09:04:05 EDT 2026 — Cycle 81 starting
Thu Apr  2 09:10:01 EDT 2026 — Cycle 81 complete
Thu Apr  2 09:12:01 EDT 2026 — Cycle 82 starting
Thu Apr  2 09:15:16 EDT 2026 — Cycle 82 complete
Thu Apr  2 09:17:16 EDT 2026 — Cycle 83 starting
Thu Apr  2 09:27:32 EDT 2026 — Cycle 83 complete
Thu Apr  2 09:29:32 EDT 2026 — Cycle 84 starting
Thu Apr  2 09:33:53 EDT 2026 — Cycle 84 complete
Thu Apr  2 09:35:53 EDT 2026 — Cycle 85 starting
Thu Apr  2 09:41:19 EDT 2026 — Cycle 85 complete
Thu Apr  2 09:43:19 EDT 2026 — Cycle 86 starting
Thu Apr  2 09:51:30 EDT 2026 — Cycle 86 complete
Thu Apr  2 09:53:30 EDT 2026 — Cycle 87 starting
Thu Apr  2 10:00:27 EDT 2026 — Cycle 87 complete
Thu Apr  2 10:02:27 EDT 2026 — Cycle 88 starting
Thu Apr  2 10:08:32 EDT 2026 — Cycle 88 complete
Thu Apr  2 10:10:32 EDT 2026 — Cycle 89 starting
Thu Apr  2 10:14:49 EDT 2026 — Cycle 1 starting
Thu Apr  2 10:17:37 EDT 2026 — Cycle 89 complete
Thu Apr  2 10:19:37 EDT 2026 — Cycle 90 starting
Thu Apr  2 10:24:15 EDT 2026 — Cycle 1 complete
Thu Apr  2 10:25:57 EDT 2026 — Cycle 90 complete
Thu Apr  2 10:26:15 EDT 2026 — Cycle 2 starting
Thu Apr  2 10:27:57 EDT 2026 — Cycle 91 starting
Thu Apr  2 10:29:53 EDT 2026 — Cycle 2 complete
Thu Apr  2 10:31:53 EDT 2026 — Cycle 3 starting
Thu Apr  2 10:33:22 EDT 2026 — v5 Cycle 1 starting
Thu Apr  2 10:34:22 EDT 2026 — Cycle 3 complete
Thu Apr  2 10:36:22 EDT 2026 — Cycle 4 starting
Thu Apr  2 10:39:41 EDT 2026 — v5 Cycle 1 complete
Thu Apr  2 10:41:41 EDT 2026 — v5 Cycle 2 starting
Thu Apr  2 10:48:04 EDT 2026 — v5 Cycle 2 complete
Thu Apr  2 10:50:04 EDT 2026 — v5 Cycle 3 starting
Thu Apr  2 10:55:47 EDT 2026 — v5 Cycle 3 complete
Thu Apr  2 10:57:04 EDT 2026 — v5 Cycle 1 starting
Thu Apr  2 10:57:04 EDT 2026 — v5 Cycle 1 complete (exit=127)
Thu Apr  2 10:57:51 EDT 2026 — v5 Cycle 1 starting
Thu Apr  2 11:04:48 EDT 2026 — v5 Cycle 1 complete
Thu Apr  2 11:06:48 EDT 2026 — v5 Cycle 2 starting
Thu Apr  2 11:12:10 EDT 2026 — v5 Cycle 2 complete
Thu Apr  2 11:14:10 EDT 2026 — v5 Cycle 3 starting
Thu Apr  2 11:20:01 EDT 2026 — v5 Cycle 3 complete
Thu Apr  2 11:22:01 EDT 2026 — v5 Cycle 4 starting
Thu Apr  2 11:23:54 EDT 2026 — v5 Cycle 4 complete
Thu Apr  2 11:25:54 EDT 2026 — v5 Cycle 5 starting
Thu Apr  2 11:32:18 EDT 2026 — v5 Cycle 5 complete
Thu Apr  2 11:34:18 EDT 2026 — v5 Cycle 6 starting
Thu Apr  2 11:37:51 EDT 2026 — v5 Cycle 6 complete
Thu Apr  2 11:39:51 EDT 2026 — v5 Cycle 7 starting
Thu Apr  2 11:42:55 EDT 2026 — v5 Cycle 7 complete
Thu Apr  2 11:44:55 EDT 2026 — v5 Cycle 8 starting
Thu Apr  2 11:45:04 EDT 2026 — v6 Cycle 1 starting
Thu Apr  2 11:49:31 EDT 2026 — v5 Cycle 8 complete
Thu Apr  2 11:51:10 EDT 2026 — v6 Cycle 1 complete
Thu Apr  2 11:51:31 EDT 2026 — v5 Cycle 9 starting
Thu Apr  2 11:53:10 EDT 2026 — v6 Cycle 2 starting
Thu Apr  2 12:01:03 EDT 2026 — v5 Cycle 9 complete
Thu Apr  2 12:03:03 EDT 2026 — v5 Cycle 10 starting
Thu Apr  2 12:03:10 EDT 2026 — v6 Cycle 2 complete
Thu Apr  2 12:05:10 EDT 2026 — v6 Cycle 3 starting
Thu Apr  2 12:07:54 EDT 2026 — v5 Cycle 10 complete
Thu Apr  2 12:09:54 EDT 2026 — v5 Cycle 11 starting
Thu Apr  2 12:14:43 EDT 2026 — v6 Cycle 3 complete
Thu Apr  2 12:16:29 EDT 2026 — v5 Cycle 11 complete
Thu Apr  2 12:16:43 EDT 2026 — v6 Cycle 4 starting
Thu Apr  2 12:18:29 EDT 2026 — v5 Cycle 12 starting
Thu Apr  2 12:19:52 EDT 2026 — v5 Cycle 12 complete
Thu Apr  2 12:21:52 EDT 2026 — v5 Cycle 13 starting
Thu Apr  2 12:23:41 EDT 2026 — v5 Cycle 13 complete
Thu Apr  2 12:25:41 EDT 2026 — v5 Cycle 14 starting
Thu Apr  2 12:26:43 EDT 2026 — v6 Cycle 4 complete
Thu Apr  2 12:28:44 EDT 2026 — v6 Cycle 5 starting
Thu Apr  2 12:29:40 EDT 2026 — v5 Cycle 14 complete
Thu Apr  2 12:31:40 EDT 2026 — v5 Cycle 15 starting
Thu Apr  2 12:33:39 EDT 2026 — v5 Cycle 15 complete
Thu Apr  2 12:34:41 EDT 2026 — v6 Cycle 5 complete
Thu Apr  2 12:35:39 EDT 2026 — v5 Cycle 16 starting
Thu Apr  2 12:36:41 EDT 2026 — v6 Cycle 6 starting
Thu Apr  2 12:37:45 EDT 2026 — v5 Cycle 16 complete
Thu Apr  2 12:39:45 EDT 2026 — v5 Cycle 17 starting
Thu Apr  2 12:41:06 EDT 2026 — v5 Cycle 17 complete
Thu Apr  2 12:41:45 EDT 2026 — v6 Cycle 6 complete
Thu Apr  2 12:43:06 EDT 2026 — v5 Cycle 18 starting
Thu Apr  2 12:43:45 EDT 2026 — v6 Cycle 7 starting
Thu Apr  2 12:44:12 EDT 2026 — v5 Cycle 18 complete
Thu Apr  2 12:46:12 EDT 2026 — v5 Cycle 19 starting
Thu Apr  2 12:51:35 EDT 2026 — v5 Cycle 19 complete
Thu Apr  2 12:53:35 EDT 2026 — v5 Cycle 20 starting
Thu Apr  2 12:53:45 EDT 2026 — v6 Cycle 7 complete
Thu Apr  2 12:55:45 EDT 2026 — v6 Cycle 8 starting
Thu Apr  2 12:56:59 EDT 2026 — v5 Cycle 20 complete
Thu Apr  2 12:58:59 EDT 2026 — v5 Cycle 21 starting
Thu Apr  2 13:00:28 EDT 2026 — v5 Cycle 21 complete
Thu Apr  2 13:02:21 EDT 2026 — v6 Cycle 8 complete
Thu Apr  2 13:02:28 EDT 2026 — v5 Cycle 22 starting
Thu Apr  2 13:04:21 EDT 2026 — v6 Cycle 9 starting
Thu Apr  2 13:05:40 EDT 2026 — v5 Cycle 22 complete
Thu Apr  2 13:07:40 EDT 2026 — v5 Cycle 23 starting
Thu Apr  2 13:10:22 EDT 2026 — v5 Cycle 23 complete
Thu Apr  2 13:10:59 EDT 2026 — v6 Cycle 9 complete
Thu Apr  2 13:12:22 EDT 2026 — v5 Cycle 24 starting
Thu Apr  2 13:12:59 EDT 2026 — v6 Cycle 10 starting
Thu Apr  2 13:18:44 EDT 2026 — v6 Cycle 10 complete
Thu Apr  2 13:20:44 EDT 2026 — v6 Cycle 11 starting
Thu Apr  2 13:21:07 EDT 2026 — v5 Cycle 24 complete
Thu Apr  2 13:23:07 EDT 2026 — v5 Cycle 25 starting
Thu Apr  2 13:26:22 EDT 2026 — v5 Cycle 25 complete
