Thu Apr  2 14:21:22 EDT 2026 — Fleet B (Builder) starting
Thu Apr  2 14:21:22 EDT 2026 — Building: v7-sabatier (Sabatier Reaction Chemistry)
Thu Apr  2 14:33:07 EDT 2026 — Completed: v7-sabatier
Thu Apr  2 14:38:07 EDT 2026 — Building: v7-electrolysis (Water Electrolysis Efficiency)
Thu Apr  2 14:43:00 EDT 2026 — Completed: v7-electrolysis
Thu Apr  2 14:48:00 EDT 2026 — Building: v8-heat-transfer (Habitat Heat Transfer Model)
Thu Apr  2 15:03:31 EDT 2026 — Fleet B (Builder) starting
Thu Apr  2 15:03:31 EDT 2026 — Building: v9-spatial-layout (Module Position Grid)
Thu Apr  2 15:14:35 EDT 2026 — Completed: v9-spatial-layout
🔍 Validating gauntlet.js...
✅ Gauntlet valid — Score: 1880
📸 Updated known-good snapshot
Thu Apr  2 15:19:35 EDT 2026 — Building: v10-failure-cascade (System Dependency Graph)
Thu Apr  2 15:31:12 EDT 2026 — Completed: v10-failure-cascade
🔍 Validating gauntlet.js...
✅ Gauntlet valid — Score: 101940
📸 Updated known-good snapshot
Thu Apr  2 15:36:12 EDT 2026 — Building: v11-supply-windows (Earth-Mars Transfer Windows)
Thu Apr  2 15:53:15 EDT 2026 — Completed: v11-supply-windows
🔍 Validating gauntlet.js...
✅ Gauntlet valid — Score: 109940
📸 Updated known-good snapshot
Thu Apr  2 15:58:15 EDT 2026 — Building: v12-crew-physiology (Individual Crew Physiology)
Thu Apr  2 16:11:11 EDT 2026 — Completed: v12-crew-physiology
🔍 Validating gauntlet.js...
✅ Gauntlet valid — Score: 7790
📸 Updated known-good snapshot
Thu Apr  2 17:18:11 EDT 2026 — Fleet B (Builder) starting
Thu Apr  2 17:18:11 EDT 2026 — Building: v13-crew-psychology (Crew Psychology Model)
